build/app/intermediates/manifest_merge_blame_file/release/manifest-merger-blame-release-report.txt
1<?xml version="1.0" encoding="utf-8"?>
2<manifest xmlns:android="http://schemas.android.com/apk/res/android"
3    package="com.example.pmdd_app"
4    android:versionCode="4"
5    android:versionName="1.0.1" >
6
7    <uses-sdk
8        android:minSdkVersion="16"
8-->src\main\AndroidManifest.xml
9        android:targetSdkVersion="28" />
9-->src\main\AndroidManifest.xml
10    <!-- Although the *SdkVersion is captured in gradle build files, this is required for non gradle builds -->
11    <!-- <uses-sdk android:minSdkVersion="14"/> -->
12    <uses-permission android:name="android.permission.ACCESS_NETWORK_STATE" />
12-->[com.google.firebase:firebase-database:19.3.1] AndroidManifest.xml:25:5-79
12-->[com.google.firebase:firebase-database:19.3.1] AndroidManifest.xml:25:22-76
13    <uses-permission android:name="android.permission.INTERNET" />
13-->[com.google.firebase:firebase-database:19.3.1] AndroidManifest.xml:26:5-67
13-->[com.google.firebase:firebase-database:19.3.1] AndroidManifest.xml:26:22-64
14    <uses-permission android:name="android.permission.WAKE_LOCK" />
14-->[com.google.android.gms:play-services-measurement:17.5.0] AndroidManifest.xml:25:5-68
14-->[com.google.android.gms:play-services-measurement:17.5.0] AndroidManifest.xml:25:22-65
15    <uses-permission android:name="com.google.android.finsky.permission.BIND_GET_INSTALL_REFERRER_SERVICE" />
15-->[com.google.android.gms:play-services-measurement:17.5.0] AndroidManifest.xml:26:5-110
15-->[com.google.android.gms:play-services-measurement:17.5.0] AndroidManifest.xml:26:22-107
16    <!--
17 io.flutter.app.FlutterApplication is an android.app.Application that
18         calls FlutterMain.startInitialization(this); in its onCreate method.
19         In most cases you can leave this as-is, but you if you want to provide
20         additional functionality it is fine to subclass or reimplement
21         FlutterApplication and put your custom class here.
22    -->
23    <application
23-->src\main\AndroidManifest.xml:8:5-46:19
24        android:name="io.flutter.app.FlutterApplication"
24-->src\main\AndroidManifest.xml:9:9-57
25        android:appComponentFactory="androidx.core.app.CoreComponentFactory"
25-->[androidx.core:core:1.1.0] AndroidManifest.xml:24:18-86
26        android:icon="@mipmap/ic_launcher"
26-->src\main\AndroidManifest.xml:11:9-43
27        android:label="PMDD" >
27-->src\main\AndroidManifest.xml:10:9-29
28        <activity
28-->src\main\AndroidManifest.xml:12:9-40:20
29            android:name="com.example.pmdd_app.MainActivity"
29-->src\main\AndroidManifest.xml:13:13-41
30            android:configChanges="orientation|keyboardHidden|keyboard|screenSize|smallestScreenSize|locale|layoutDirection|fontScale|screenLayout|density|uiMode"
30-->src\main\AndroidManifest.xml:16:13-163
31            android:hardwareAccelerated="true"
31-->src\main\AndroidManifest.xml:17:13-47
32            android:launchMode="singleTop"
32-->src\main\AndroidManifest.xml:14:13-43
33            android:theme="@style/LaunchTheme"
33-->src\main\AndroidManifest.xml:15:13-47
34            android:windowSoftInputMode="adjustResize" >
34-->src\main\AndroidManifest.xml:18:13-55
35
36            <!--
37                 Specifies an Android theme to apply to this Activity as soon as
38                 the Android process has started. This theme is visible to the user
39                 while the Flutter UI initializes. After that, this theme continues
40                 to determine the Window background behind the Flutter UI.
41            -->
42            <meta-data
42-->src\main\AndroidManifest.xml:23:13-26:17
43                android:name="io.flutter.embedding.android.NormalTheme"
43-->src\main\AndroidManifest.xml:24:15-70
44                android:resource="@style/NormalTheme" />
44-->src\main\AndroidManifest.xml:25:15-52
45            <!--
46                 Displays an Android View that continues showing the launch screen
47                 Drawable until Flutter paints its first frame, then this splash
48                 screen fades out. A splash screen is useful to avoid any visual
49                 gap between the end of Android's launch screen and the painting of
50                 Flutter's first frame.
51            -->
52            <meta-data
52-->src\main\AndroidManifest.xml:32:13-35:17
53                android:name="io.flutter.embedding.android.SplashScreenDrawable"
53-->src\main\AndroidManifest.xml:33:15-79
54                android:resource="@drawable/launch_background" />
54-->src\main\AndroidManifest.xml:34:15-61
55
56            <intent-filter>
56-->src\main\AndroidManifest.xml:36:13-39:29
57                <action android:name="android.intent.action.MAIN" />
57-->src\main\AndroidManifest.xml:37:17-68
57-->src\main\AndroidManifest.xml:37:25-66
58
59                <category android:name="android.intent.category.LAUNCHER" />
59-->src\main\AndroidManifest.xml:38:17-76
59-->src\main\AndroidManifest.xml:38:27-74
60            </intent-filter>
61        </activity>
62        <!--
63             Don't delete the meta-data below.
64             This is used by the Flutter tool to generate GeneratedPluginRegistrant.java
65        -->
66        <meta-data
66-->src\main\AndroidManifest.xml:43:9-45:33
67            android:name="flutterEmbedding"
67-->src\main\AndroidManifest.xml:44:13-44
68            android:value="2" />
68-->src\main\AndroidManifest.xml:45:13-30
69
70        <service
70-->[:firebase_database] AndroidManifest.xml:8:9-12:19
71            android:name="com.google.firebase.components.ComponentDiscoveryService"
71-->[:firebase_database] AndroidManifest.xml:8:18-89
72            android:directBootAware="true"
72-->[com.google.firebase:firebase-common:19.3.0] AndroidManifest.xml:34:13-43
73            android:exported="false" >
73-->[com.google.firebase:firebase-database:19.3.1] AndroidManifest.xml:31:13-37
74            <meta-data
74-->[:firebase_database] AndroidManifest.xml:9:13-11:85
75                android:name="com.google.firebase.components:io.flutter.plugins.firebase.database.FlutterFirebaseAppRegistrar"
75-->[:firebase_database] AndroidManifest.xml:10:17-127
76                android:value="com.google.firebase.components.ComponentRegistrar" />
76-->[:firebase_database] AndroidManifest.xml:11:17-82
77            <meta-data
77-->[com.google.firebase:firebase-database:19.3.1] AndroidManifest.xml:32:13-34:85
78                android:name="com.google.firebase.components:com.google.firebase.database.DatabaseRegistrar"
78-->[com.google.firebase:firebase-database:19.3.1] AndroidManifest.xml:33:17-109
79                android:value="com.google.firebase.components.ComponentRegistrar" />
79-->[com.google.firebase:firebase-database:19.3.1] AndroidManifest.xml:34:17-82
80            <meta-data
80-->[:firebase_auth] AndroidManifest.xml:9:13-11:85
81                android:name="com.google.firebase.components:io.flutter.plugins.firebaseauth.FlutterFirebaseAppRegistrar"
81-->[:firebase_auth] AndroidManifest.xml:10:17-122
82                android:value="com.google.firebase.components.ComponentRegistrar" />
82-->[:firebase_auth] AndroidManifest.xml:11:17-82
83            <meta-data
83-->[com.google.firebase:firebase-auth:19.3.2] AndroidManifest.xml:36:13-38:85
84                android:name="com.google.firebase.components:com.google.firebase.auth.FirebaseAuthRegistrar"
84-->[com.google.firebase:firebase-auth:19.3.2] AndroidManifest.xml:37:17-109
85                android:value="com.google.firebase.components.ComponentRegistrar" />
85-->[com.google.firebase:firebase-auth:19.3.2] AndroidManifest.xml:38:17-82
86            <meta-data
86-->[:firebase_core] AndroidManifest.xml:9:13-11:85
87                android:name="com.google.firebase.components:io.flutter.plugins.firebase.core.FlutterFirebaseAppRegistrar"
87-->[:firebase_core] AndroidManifest.xml:10:17-123
88                android:value="com.google.firebase.components.ComponentRegistrar" />
88-->[:firebase_core] AndroidManifest.xml:11:17-82
89            <meta-data
89-->[com.google.android.gms:play-services-measurement-api:17.5.0] AndroidManifest.xml:30:13-32:85
90                android:name="com.google.firebase.components:com.google.firebase.analytics.connector.internal.AnalyticsConnectorRegistrar"
90-->[com.google.android.gms:play-services-measurement-api:17.5.0] AndroidManifest.xml:31:17-139
91                android:value="com.google.firebase.components.ComponentRegistrar" />
91-->[com.google.android.gms:play-services-measurement-api:17.5.0] AndroidManifest.xml:32:17-82
92            <meta-data
92-->[com.google.firebase:firebase-installations:16.3.2] AndroidManifest.xml:17:13-19:85
93                android:name="com.google.firebase.components:com.google.firebase.installations.FirebaseInstallationsRegistrar"
93-->[com.google.firebase:firebase-installations:16.3.2] AndroidManifest.xml:18:17-127
94                android:value="com.google.firebase.components.ComponentRegistrar" />
94-->[com.google.firebase:firebase-installations:16.3.2] AndroidManifest.xml:19:17-82
95        </service>
96
97        <activity
97-->[com.google.firebase:firebase-auth:19.3.2] AndroidManifest.xml:24:9-31:50
98            android:name="com.google.firebase.auth.internal.FederatedSignInActivity"
98-->[com.google.firebase:firebase-auth:19.3.2] AndroidManifest.xml:25:13-85
99            android:excludeFromRecents="true"
99-->[com.google.firebase:firebase-auth:19.3.2] AndroidManifest.xml:26:13-46
100            android:exported="true"
100-->[com.google.firebase:firebase-auth:19.3.2] AndroidManifest.xml:27:13-36
101            android:launchMode="singleTask"
101-->[com.google.firebase:firebase-auth:19.3.2] AndroidManifest.xml:28:13-44
102            android:permission="com.google.firebase.auth.api.gms.permission.LAUNCH_FEDERATED_SIGN_IN"
102-->[com.google.firebase:firebase-auth:19.3.2] AndroidManifest.xml:29:13-102
103            android:theme="@android:style/Theme.Translucent.NoTitleBar" />
103-->[com.google.firebase:firebase-auth:19.3.2] AndroidManifest.xml:30:13-72
104
105        <receiver
105-->[com.google.android.gms:play-services-measurement:17.5.0] AndroidManifest.xml:29:9-33:20
106            android:name="com.google.android.gms.measurement.AppMeasurementReceiver"
106-->[com.google.android.gms:play-services-measurement:17.5.0] AndroidManifest.xml:30:13-85
107            android:enabled="true"
107-->[com.google.android.gms:play-services-measurement:17.5.0] AndroidManifest.xml:31:13-35
108            android:exported="false" >
108-->[com.google.android.gms:play-services-measurement:17.5.0] AndroidManifest.xml:32:13-37
109        </receiver>
110
111        <service
111-->[com.google.android.gms:play-services-measurement:17.5.0] AndroidManifest.xml:35:9-38:40
112            android:name="com.google.android.gms.measurement.AppMeasurementService"
112-->[com.google.android.gms:play-services-measurement:17.5.0] AndroidManifest.xml:36:13-84
113            android:enabled="true"
113-->[com.google.android.gms:play-services-measurement:17.5.0] AndroidManifest.xml:37:13-35
114            android:exported="false" />
114-->[com.google.android.gms:play-services-measurement:17.5.0] AndroidManifest.xml:38:13-37
115        <service
115-->[com.google.android.gms:play-services-measurement:17.5.0] AndroidManifest.xml:39:9-43:72
116            android:name="com.google.android.gms.measurement.AppMeasurementJobService"
116-->[com.google.android.gms:play-services-measurement:17.5.0] AndroidManifest.xml:40:13-87
117            android:enabled="true"
117-->[com.google.android.gms:play-services-measurement:17.5.0] AndroidManifest.xml:41:13-35
118            android:exported="false"
118-->[com.google.android.gms:play-services-measurement:17.5.0] AndroidManifest.xml:42:13-37
119            android:permission="android.permission.BIND_JOB_SERVICE" />
119-->[com.google.android.gms:play-services-measurement:17.5.0] AndroidManifest.xml:43:13-69
120
121        <provider
121-->[com.google.firebase:firebase-common:19.3.0] AndroidManifest.xml:26:9-30:39
122            android:name="com.google.firebase.provider.FirebaseInitProvider"
122-->[com.google.firebase:firebase-common:19.3.0] AndroidManifest.xml:27:13-77
123            android:authorities="com.example.pmdd_app.firebaseinitprovider"
123-->[com.google.firebase:firebase-common:19.3.0] AndroidManifest.xml:28:13-72
124            android:exported="false"
124-->[com.google.firebase:firebase-common:19.3.0] AndroidManifest.xml:29:13-37
125            android:initOrder="100" />
125-->[com.google.firebase:firebase-common:19.3.0] AndroidManifest.xml:30:13-36
126
127        <activity
127-->[com.google.android.gms:play-services-base:17.1.0] AndroidManifest.xml:23:9-26:75
128            android:name="com.google.android.gms.common.api.GoogleApiActivity"
128-->[com.google.android.gms:play-services-base:17.1.0] AndroidManifest.xml:24:13-79
129            android:exported="false"
129-->[com.google.android.gms:play-services-base:17.1.0] AndroidManifest.xml:25:13-37
130            android:theme="@android:style/Theme.Translucent.NoTitleBar" />
130-->[com.google.android.gms:play-services-base:17.1.0] AndroidManifest.xml:26:13-72
131
132        <meta-data
132-->[com.google.android.gms:play-services-basement:17.0.0] AndroidManifest.xml:23:9-25:69
133            android:name="com.google.android.gms.version"
133-->[com.google.android.gms:play-services-basement:17.0.0] AndroidManifest.xml:24:13-58
134            android:value="@integer/google_play_services_version" />
134-->[com.google.android.gms:play-services-basement:17.0.0] AndroidManifest.xml:25:13-66
135    </application>
136
137</manifest>